<?xml version="1.0" encoding="UTF-8"?>
<!-- Generated by org.testng.reporters.JUnitReportReporter -->
<testsuite skipped="0" hostname="DESKTOP-T3FFUFN" name="cucumber_Runner.TestRunner" tests="1" failures="0" timestamp="2022-05-22T14:48:06 ICT" time="29.378" errors="0">
  <testcase name="runScenario" time="29.378" classname="cucumber_Runner.TestRunner"/>
  <system-out/>
</testsuite> <!-- cucumber_Runner.TestRunner -->
